北海道発
20190708spk
/asia/
/china/
/china/beijing/
/china/shanghai/
/china/dalian/
/china/hangzhou/
/china/chengdu/
/china/xian/
/china/jiuzhaigou/
/china/tibet/
/korea/
/korea/seoul/
/korea/busan/
/korea/jeju/
/taiwan/
/taiwan/taroko/
/taiwan/sunmoonlake/
/taiwan/taipei/
/taiwan/taichung/
/taiwan/tainan/
/taiwan/kaohsiung/
/hongkong/
/macau/
/thailand/
/thailand/chiangmai/
/thailand/bangkok/
/thailand/phuket/
/singapore/
/malaysia/
/philippines/
/asian-beach/
/vietnam/
/vietnam/hanoi/
/vietnam/halon/
/vietnam/hoian/
/vietnam/hochiminh/
/cambodia/
/laos/
/india/
/nepal/
/myanmar/
/srilanka/
/maldives/
/europe/
/france/
/france/arles/
/france/paris/
/france/montstmichel/
/france/loire/
/france/nice/
/france/provence/
/france/bordeaux/
/france/lyon/
/uk/
/uk/london/
/uk/lakedistrict/
/uk/cotswolds/
/uk/edinburgh/
/uk/stratford-upon-avon/
/ireland/
/italy/
/italy/roma/
/italy/venezia/
/italy/milano/
/italy/firenze/
/italy/napoli/
/italy/capri/
/italy/alberobello/
/italy/amalfi/
/italy/pisa/
/italy/sicilia/
/italy/matera/
/malta/
/greece/
/swiss/
/swiss/interlaken/
/swiss/grindelwald/
/swiss/stmoritz/
/swiss/geneve/
/swiss/zurich/
/swiss/basel/
/swiss/jungfrau/
/swiss/kleine-scheidegg/
/swiss/montblanc/
/germany/
/germany/rothenburg/
/germany/frankfurt/
/germany/neuschwanstein/
/germany/heidelberg/
/germany/berlin/
/germany/munchen/
/holland/
/holland/amsterdam/
/holland/keukenhof/
/holland/kinderdijk/
/holland/haag/
/belgium/
/belgium/antwerp/
/belgium/gent/
/belgium/bruxelles/
/belgium/bruges/
/spain/
/spain/barcelona/
/spain/madrid/
/spain/toledo/
/spain/mijas/
/spain/la-mancha/
/spain/segovia/
/spain/sevilla/
/spain/granada/
/spain/santiago/
/portugal/
/portugal/lisbon/
/portugal/porto/
/northern-eur/
/denmark/
/norway/
/sweden/
/finland/
/iceland/
/russia/
/east-eur/
/austria/
/czech/
/slovakia/
/hungary/
/poland/
/rumania/
/bulgaria/
/croatia-slovenia/
/austria/wien/
/austria/salzburg/
/austria/salzkammergut/
/austria/graz/
/austria/innsbruck/
/austria/hallstatt/
/baltic/
/africa/
/egypt/
/egypt/abusimbel/
/egypt/alexandria/
/egypt/cairo/
/egypt/giza/
/egypt/sinai/
/egypt/luxor/
/tunisia/
/morocco/
/south-africa/
/kenya/
/botswana/
/jinbabue-zanvia/
/tanzania/
/middle-east/
/turkey/
/turkey/istanbul/
/turkey/cappadocia/
/turkey/troy/
/turkey/pamukkale/
/jordan/
/israel/
/uae/
/iran/
/uzbekistan/
/north-america/
/america/
/america/la/
/america/lasvegas/
/america/grandcanyon/
/america/sanfrancisco/
/america/yosemite/
/america/seattle/
/america/ny/
/america/boston/
/america/orlando/
/america/alaska/
/america/yellowstone/
/america/washington/
/america/houston/
/canada/
/canada/vancouver/
/canada/rockies/
/canada/niagara/
/canada/toronto/
/canada/quebec/
/canada/montreal/
/canada/pei/
/canada/yellowknife/
/canada/victoria/
/canada/laurentian/
/latin-america/
/mexico/
/brazil/
/ecuador/
/venezuela/
/peru/
/peru/machupicchu/
/peru/nazca/
/peru/cuzco/
/peru/puno/
/peru/lima/
/argentina/
/oceania/
/australia/
/australia/sydney/
/australia/goldcoast/
/australia/cairns/
/australia/great-barrier-reef/
/australia/uluru/
/australia/melbourne/
/australia/perth/
/australia/tasmania/
/newzealand/
/newzealand/auckland/
/newzealand/queenstown/
/newzealand/christchurch/
/newzealand/teanau/
/newzealand/mountcook/
/newzealand/milfordsound/
/s-pacific/
/tahiti/
/newcaledonia/
/fiji/
/hawaii/
/hawaii/oahu/
/hawaii/bigisland/
/hawaii/maui/
/hawaii/kauai/
/micronesia/
/guam/
/saipan/
/hokkaido/
/hokkaido/sapporo/
/hokkaido/hakodate/
/hokkaido/otaru/
/hokkaido/asahiyama/
/hokkaido/noboribetsu/
/hokkaido/furano/
/hokkaido/wakkanai/
/hokkaido/rishiri/
/hokkaido/shiretoko/
/hokkaido/niseko/
/hokkaido/obihiro/
/hokkaido/kushiro/
/tohoku/
/tohoku/aomori/
/tohoku/hirosaki/
/tohoku/oirase/
/tohoku/aomori-city/
/tohoku/tsugaru/
/tohoku/shirakami-aomori/
/tohoku/hachinohe/
/tohoku/hakkoda/
/tohoku/iwate/
/tohoku/tsunagi-oshuku/
/tohoku/appi/
/tohoku/ichinoseki/
/tohoku/hanamaki/
/tohoku/morioka/
/tohoku/hachimantai/
/tohoku/hiraizumi/
/tohoku/miyagi/
/tohoku/shiogama/
/tohoku/miyagi-zao/
/tohoku/akiu/
/tohoku/matsushima/
/tohoku/sendai/
/tohoku/naruko/
/tohoku/akita/
/tohoku/kakunodate/
/tohoku/tamagawa/
/tohoku/akita-chity/
/tohoku/towada/
/tohoku/oga/
/tohoku/tazawako/
/tohoku/nyuto/
/tohoku/shirakami-akita/
/tohoku/yamagata/
/tohoku/yamagata-city/
/tohoku/yamagata-zao/
/tohoku/sakata-tsuruoka/
/tohoku/tendo/
/tohoku/ginzan/
/tohoku/yonezawa/
/tohoku/fukushima/
/tohoku/aizuwakamatsu/
/tohoku/koriyama/
/tohoku/goshikinuma/
/tohoku/inawashiro/
/tohoku/bandai/
/tohoku/fukushima-city/
/kanto/
/kanto/ibaraki/
/kanto/tochigi/
/kanto/gunma/
/kanto/saitama/
/kanto/tokyo/
/kanto/chiba/
/kanto/kanagawa/
/chubu-hokuriku/
/chubu-hokuriku/yamanashi/
/chubu-hokuriku/niigata/
/chubu-hokuriku/toyama/
/chubu-hokuriku/takaoka/
/chubu-hokuriku/kurobe/
/chubu-hokuriku/toyama-city/
/chubu-hokuriku/alpine-route/
/chubu-hokuriku/ishikawa/
/chubu-hokuriku/kaga/
/chubu-hokuriku/kanazawa/
/chubu-hokuriku/yamanaka/
/chubu-hokuriku/noto/
/chubu-hokuriku/wakura/
/chubu-hokuriku/fukui/
/chubu-hokuriku/nagano/
/chubu-hokuriku/karuizawa/
/chubu-hokuriku/kamikochi/
/chubu-hokuriku/norikura/
/chubu-hokuriku/hakuba/
/chubu-hokuriku/yatsugatake/
/chubu-hokuriku/gifu/
/chubu-hokuriku/okuhida/
/chubu-hokuriku/gero/
/chubu-hokuriku/takayama/
/chubu-hokuriku/sekigahara/
/chubu-hokuriku/sirakawago/
/chubu-hokuriku/hida/
/chubu-hokuriku/shizuoka/
/chubu-hokuriku/izu/
/chubu-hokuriku/fuji/
/chubu-hokuriku/numazu-mishima/
/chubu-hokuriku/shizuoka-city/
/chubu-hokuriku/atami/
/chubu-hokuriku/hamamatsu/
/chubu-hokuriku/aichi/
/chubu-hokuriku/mie/
/chubu-hokuriku/ise/
/chubu-hokuriku/kumano/
/chubu-hokuriku/shima/
/chubu-hokuriku/futami-toba/
/kinki/
/kinki/shiga/
/kinki/kyoto/
/kinki/osaka/
/kinki/nara/
